Flutter crash report.
Please report a bug at https://github.com/flutter/flutter/issues.

## command

flutter run --machine --target lib/main.dart -d 00008030-001A1CDC3CB9802E --dart-define=flutter.inspector.structuredErrors=true --start-paused --web-server-debug-protocol ws --web-allow-expose-url --devtools-server-address http://127.0.0.1:9100/

## exception

StateError: Bad state: No element

```
#0      List.first (dart:core-patch/growable_array.dart:332:5)
#1      ResidentRunner.invokeFlutterExtensionRpcRawOnFirstIsolate (package:flutter_tools/src/resident_runner.dart:862:12)
<asynchronous suspension>
```

## flutter doctor

```
[✓] Flutter (Channel stable, 2.0.6, on macOS 11.2.3 20D91 darwin-x64, locale zh-Hans-CN)
    • Flutter version 2.0.6 at /Users/chy/Documents/flutterg
    • Framework revision 1d9032c7e1 (4 天前), 2021-04-29 17:37:58 -0700
    • Engine revision 05e680e202
    • Dart version 2.12.3
    • Pub download mirror https://pub.flutter-io.cn
    • Flutter download mirror https://storage.flutter-io.cn

[✓] Android toolchain - develop for Android devices (Android SDK version 30.0.3)
    • Android SDK at /Users/chy/Library/Android/sdk
    • Platform android-30, build-tools 30.0.3
    • Java binary at: /Applications/Android Studio.app/Contents/jre/jdk/Contents/Home/bin/java
    • Java version OpenJDK Runtime Environment (build 1.8.0_242-release-1644-b3-6915495)
    • All Android licenses accepted.

[✓] Xcode - develop for iOS and macOS
    • Xcode at /Applications/Xcode.app/Contents/Developer
    • Xcode 12.5, Build version 12E262
    • CocoaPods version 1.10.1

[✓] Chrome - develop for the web
    • Chrome at /Applications/Google Chrome.app/Contents/MacOS/Google Chrome

[✓] Android Studio (version 4.1)
    • Android Studio at /Applications/Android Studio.app/Contents
    • Flutter plugin can be installed from:
      🔨 https://plugins.jetbrains.com/plugin/9212-flutter
    • Dart plugin can be installed from:
      🔨 https://plugins.jetbrains.com/plugin/6351-dart
    • Java version OpenJDK Runtime Environment (build 1.8.0_242-release-1644-b3-6915495)

[✓] IntelliJ IDEA Ultimate Edition (version 2020.2)
    • IntelliJ at /Applications/IntelliJ IDEA.app
    • Flutter plugin version 50.0
    • Dart plugin version 202.6397.47

[✓] VS Code (version 1.55.2)
    • VS Code at /Applications/Visual Studio Code.app/Contents
    • Flutter extension version 3.22.0

[✓] Connected device (4 available)
    • sdk gphone x86 arm (mobile) • emulator-5554                        • android-x86    • Android 11 (API 30)
    • 陈浩宇的iPhone 11 (mobile)      • 00008030-001A1CDC3CB9802E            • ios            • iOS 14.3
    • iPhone 12 Pro Max (mobile)  • E057763C-C3D1-4585-9CAE-983A063DD1F6 • ios            • com.apple.CoreSimulator.SimRuntime.iOS-14-5 (simulator)
    • Chrome (web)                • chrome                               • web-javascript • Google Chrome 90.0.4430.93

• No issues found!
```
